CRITICAL - 2024-06-16 16:46:58 --> ParseError: syntax error, unexpected token ">"
[Method: GET, Route: sekolah]
in APPPATH\Views\Sekolah\tampil.php on line 47.
 1 SYSTEMPATH\View\View.php(237): CodeIgniter\View\View->CodeIgniter\View\{closure}()
 2 SYSTEMPATH\Common.php(1171): CodeIgniter\View\View->render('sekolah/tampil', [], true)
 3 APPPATH\Controllers\Sekolah.php(17): view('sekolah/tampil', [...])
 4 APPPATH\Controllers\Sekolah.php(7): App\Controllers\Sekolah->tampil()
 5 SYSTEMPATH\CodeIgniter.php(933): App\Controllers\Sekolah->index()
 6 SYSTEMPATH\CodeIgniter.php(509): CodeIgniter\CodeIgniter->runController(Object(App\Controllers\Sekolah))
 7 SYSTEMPATH\CodeIgniter.php(355): CodeIgniter\CodeIgniter->handleRequest(null, Object(Config\Cache), false)
 8 SYSTEMPATH\Boot.php(312): CodeIgniter\CodeIgniter->run()
 9 SYSTEMPATH\Boot.php(67): CodeIgniter\Boot::runCodeIgniter(Object(CodeIgniter\CodeIgniter))
10 FCPATH\index.php(56): CodeIgniter\Boot::bootWeb(Object(Config\Paths))
CRITICAL - 2024-06-16 16:47:42 --> ParseError: syntax error, unexpected token ">"
[Method: GET, Route: sekolah]
in APPPATH\Views\Sekolah\tampil.php on line 47.
 1 SYSTEMPATH\View\View.php(237): CodeIgniter\View\View->CodeIgniter\View\{closure}()
 2 SYSTEMPATH\Common.php(1171): CodeIgniter\View\View->render('sekolah/tampil', [], true)
 3 APPPATH\Controllers\Sekolah.php(17): view('sekolah/tampil', [...])
 4 APPPATH\Controllers\Sekolah.php(7): App\Controllers\Sekolah->tampil()
 5 SYSTEMPATH\CodeIgniter.php(933): App\Controllers\Sekolah->index()
 6 SYSTEMPATH\CodeIgniter.php(509): CodeIgniter\CodeIgniter->runController(Object(App\Controllers\Sekolah))
 7 SYSTEMPATH\CodeIgniter.php(355): CodeIgniter\CodeIgniter->handleRequest(null, Object(Config\Cache), false)
 8 SYSTEMPATH\Boot.php(312): CodeIgniter\CodeIgniter->run()
 9 SYSTEMPATH\Boot.php(67): CodeIgniter\Boot::runCodeIgniter(Object(CodeIgniter\CodeIgniter))
10 FCPATH\index.php(56): CodeIgniter\Boot::bootWeb(Object(Config\Paths))
CRITICAL - 2024-06-16 17:42:16 --> ErrorException: Attempt to read property "kode_kabupaten" on null
[Method: GET, Route: dashboard]
in APPPATH\Views\dashboard.php on line 15.
 1 APPPATH\Views\dashboard.php(15): CodeIgniter\Debug\Exceptions->errorHandler(2, 'Attempt to read property "kode_kabupaten" on null', 'C:\\xampp\\htdocs\\sigkab\\app\\Views\\dashboard.php', 15)
 2 SYSTEMPATH\View\View.php(234): include('C:\\xampp\\htdocs\\sigkab\\app\\Views\\dashboard.php')
 3 SYSTEMPATH\View\View.php(237): CodeIgniter\View\View->CodeIgniter\View\{closure}()
 4 SYSTEMPATH\Common.php(1171): CodeIgniter\View\View->render('dashboard', [], true)
 5 APPPATH\Controllers\Dashboard.php(26): view('dashboard', [...])
 6 SYSTEMPATH\CodeIgniter.php(933): App\Controllers\Dashboard->index()
 7 SYSTEMPATH\CodeIgniter.php(509): CodeIgniter\CodeIgniter->runController(Object(App\Controllers\Dashboard))
 8 SYSTEMPATH\CodeIgniter.php(355): CodeIgniter\CodeIgniter->handleRequest(null, Object(Config\Cache), false)
 9 SYSTEMPATH\Boot.php(312): CodeIgniter\CodeIgniter->run()
10 SYSTEMPATH\Boot.php(67): CodeIgniter\Boot::runCodeIgniter(Object(CodeIgniter\CodeIgniter))
11 FCPATH\index.php(56): CodeIgniter\Boot::bootWeb(Object(Config\Paths))
