CRITICAL - 2024-06-17 09:32:21 --> ErrorException: preg_replace_callback(): Allocation of JIT memory failed, PCRE JIT will be disabled. This is likely caused by security restrictions. Either grant PHP permission to allocate executable memory, or set pcre.jit=0
[Method: GET, Route: /]
in SYSTEMPATH\HTTP\URI.php on line 1022.
 1 [internal function]: CodeIgniter\Debug\Exceptions->errorHandler(2, 'preg_replace_callback(): Allocation of JIT memory failed, PCRE JIT will be disabled. This is likely caused by security restrictions. Either grant PHP permission to allocate executable memory, or set pcre.jit=0', 'C:\\xampp\\htdocs\\sigkab\\system\\HTTP\\URI.php', 1022)
 2 SYSTEMPATH\HTTP\URI.php(1022): preg_replace_callback('/(?:[^a-zA-Z0-9_\\-\\.~:@&=\\+\\$,\\/;%]+|%(?![A-Fa-f0-9]{2}))/', Object(Closure), '/sigkab/')
 3 SYSTEMPATH\HTTP\URI.php(1045): CodeIgniter\HTTP\URI->filterPath('/sigkab/')
 4 SYSTEMPATH\HTTP\URI.php(315): CodeIgniter\HTTP\URI->applyParts([...])
 5 SYSTEMPATH\HTTP\URI.php(259): CodeIgniter\HTTP\URI->setURI('http://localhost/sigkab/')
 6 SYSTEMPATH\HTTP\SiteURI.php(149): CodeIgniter\HTTP\URI->__construct('http://localhost/sigkab/')
 7 SYSTEMPATH\HTTP\SiteURI.php(102): CodeIgniter\HTTP\SiteURI->determineBaseURL(Object(Config\App), null, null)
 8 SYSTEMPATH\HTTP\SiteURIFactory.php(212): CodeIgniter\HTTP\SiteURI->__construct(Object(Config\App), '/', null)
 9 SYSTEMPATH\HTTP\SiteURIFactory.php(42): CodeIgniter\HTTP\SiteURIFactory->createURIFromRoutePath('/')
10 SYSTEMPATH\Config\Services.php(807): CodeIgniter\HTTP\SiteURIFactory->createFromGlobals()
11 SYSTEMPATH\Config\BaseService.php(311): CodeIgniter\Config\Services::uri(null, false)
12 SYSTEMPATH\Config\BaseService.php(250): CodeIgniter\Config\BaseService::__callStatic('uri', [...])
13 SYSTEMPATH\Config\Services.php(800): CodeIgniter\Config\BaseService::getSharedInstance('uri', null)
14 SYSTEMPATH\Config\BaseService.php(320): CodeIgniter\Config\Services::uri()
15 SYSTEMPATH\Config\BaseService.php(201): CodeIgniter\Config\BaseService::__callStatic('uri', [])
16 SYSTEMPATH\Config\Services.php(568): CodeIgniter\Config\BaseService::get('uri')
17 SYSTEMPATH\Config\BaseService.php(311): CodeIgniter\Config\Services::incomingrequest(Object(Config\App), false)
18 SYSTEMPATH\Config\Services.php(526): CodeIgniter\Config\BaseService::__callStatic('incomingrequest', [...])
19 SYSTEMPATH\Config\BaseService.php(320): CodeIgniter\Config\Services::request(Object(Config\App), false)
20 SYSTEMPATH\Config\BaseService.php(250): CodeIgniter\Config\BaseService::__callStatic('request', [...])
21 SYSTEMPATH\Config\Services.php(561): CodeIgniter\Config\BaseService::getSharedInstance('request', Object(Config\App))
22 SYSTEMPATH\Config\BaseService.php(320): CodeIgniter\Config\Services::incomingrequest(Object(Config\App))
23 SYSTEMPATH\Config\Services.php(541): CodeIgniter\Config\BaseService::__callStatic('incomingrequest', [...])
24 SYSTEMPATH\Config\BaseService.php(320): CodeIgniter\Config\Services::createRequest(Object(Config\App))
25 SYSTEMPATH\CodeIgniter.php(652): CodeIgniter\Config\BaseService::__callStatic('createRequest', [...])
26 SYSTEMPATH\CodeIgniter.php(337): CodeIgniter\CodeIgniter->getRequestObject()
27 SYSTEMPATH\Boot.php(312): CodeIgniter\CodeIgniter->run()
28 SYSTEMPATH\Boot.php(67): CodeIgniter\Boot::runCodeIgniter(Object(CodeIgniter\CodeIgniter))
29 FCPATH\index.php(56): CodeIgniter\Boot::bootWeb(Object(Config\Paths))
CRITICAL - 2024-06-17 09:46:09 --> ParseError: syntax error, unexpected floating-point number "3302.", expecting "," or ";"
[Method: GET, Route: /]
in APPPATH\Views\dashboard.php on line 14.
 1 SYSTEMPATH\View\View.php(237): CodeIgniter\View\View->CodeIgniter\View\{closure}()
 2 SYSTEMPATH\Common.php(1171): CodeIgniter\View\View->render('dashboard', [], true)
 3 APPPATH\Controllers\Dashboard.php(26): view('dashboard', [...])
 4 SYSTEMPATH\CodeIgniter.php(933): App\Controllers\Dashboard->index()
 5 SYSTEMPATH\CodeIgniter.php(509): CodeIgniter\CodeIgniter->runController(Object(App\Controllers\Dashboard))
 6 SYSTEMPATH\CodeIgniter.php(355): CodeIgniter\CodeIgniter->handleRequest(null, Object(Config\Cache), false)
 7 SYSTEMPATH\Boot.php(312): CodeIgniter\CodeIgniter->run()
 8 SYSTEMPATH\Boot.php(67): CodeIgniter\Boot::runCodeIgniter(Object(CodeIgniter\CodeIgniter))
 9 FCPATH\index.php(56): CodeIgniter\Boot::bootWeb(Object(Config\Paths))
